<?xml version="1.0" encoding="UTF-8"?>
<!-- Generated by org.testng.reporters.JUnitXMLReporter -->
<testsuite ignored="1" hostname="Admin" failures="0" tests="11" name="Ecommerce" time="205.195" errors="0" timestamp="2024-12-03T13:04:46 IST">
  <testcase classname="sample.ecommerce.HomePageTest" name="create_new_user_and_verify_success_message" time="11.474"/>
  <testcase classname="sample.ecommerce.HomePageTest" name="verify_user_able_to_sign_in_with_valid_credentials" time="3.421"/>
  <testcase classname="sample.ecommerce.HomePageTest" name="verify_shopping_cart_section_is_empty_for_new_user" time="12.883"/>
  <testcase classname="sample.ecommerce.HomePageTest" name="verify_success_message_displays_when_user_retrieve_password_using_forgot_password" time="20.572"/>
  <testcase classname="sample.ecommerce.HomePageTest" name="verify_my_order_section_is_empty_for_new_user" time="13.413"/>
  <testcase classname="sample.ecommerce.HomePageTest" name="verify_my_credit_slip_section_is_empty_for_new_user" time="12.171"/>
  <testcase classname="sample.ecommerce.HomePageTest" name="search_product_and_verify_search_result" time="1.377"/>
  <testcase classname="sample.ecommerce.HomePageTest" name="send_query_to_customer_service_and_verify_success_message" time="23.118"/>
  <testcase classname="sample.ecommerce.HomePageTest" name="verify_success_message_displays_when_user_subscribe_the_newsletter" time="12.129"/>
  <testcase classname="sample.ecommerce.HomePageTest" name="verify_company_address_information_available_on_footer" time="0.091"/>
  <testcase classname="sample.ecommerce.HomePageTest" name="verify_info_message_displays_when_customer_not_having_address" time="13.049"/>
  <testcase classname="sample.ecommerce.HomePageTest" name="verify_error_message_displays_when_user_login_with_invalid_credentials" time="0.0">
    <ignored/>
  </testcase> <!-- verify_error_message_displays_when_user_login_with_invalid_credentials -->
</testsuite> <!-- Ecommerce -->
