<?xml version="1.0" encoding="UTF-8"?>
<testng-results ignored="0" total="11" passed="11" failed="0" skipped="0">
  <reporter-output>
  </reporter-output>
  <suite started-at="2024-12-03T13:01:21 IST" name="Smoke Suite" finished-at="2024-12-03T13:04:46 IST" duration-ms="205195">
    <groups>
    </groups>
    <test started-at="2024-12-03T13:01:21 IST" name="Ecommerce" finished-at="2024-12-03T13:04:46 IST" duration-ms="205195">
      <class name="sample.ecommerce.HomePageTest">
        <test-method is-config="true" signature="setUpReporter()[pri:0, instance:sample.ecommerce.HomePageTest@c267ef4]" started-at="2024-12-03T13:01:21 IST" name="setUpReporter" finished-at="2024-12-03T13:01:21 IST" duration-ms="524" status="PASS">
          <reporter-output>
          </reporter-output>
        </test-method> <!-- setUpReporter -->
        <test-method is-config="true" signature="createTest(org.testng.ITestContext)[pri:0, instance:sample.ecommerce.HomePageTest@c267ef4]" started-at="2024-12-03T13:01:21 IST" name="createTest" finished-at="2024-12-03T13:01:21 IST" duration-ms="16" status="PASS">
          <params>
            <param index="0">
              <value>
                <![CDATA[org.testng.TestRunner@f793f15]]>
              </value>
            </param>
          </params>
          <reporter-output>
          </reporter-output>
        </test-method> <!-- createTest -->
        <test-method is-config="true" signature="setUp(java.lang.String,org.testng.ITestContext)[pri:0, instance:sample.ecommerce.HomePageTest@c267ef4]" started-at="2024-12-03T13:01:21 IST" name="setUp" finished-at="2024-12-03T13:01:30 IST" duration-ms="8326" status="PASS">
          <params>
            <param index="0">
              <value>
                <![CDATA[chrome]]>
              </value>
            </param>
            <param index="1">
              <value>
                <![CDATA[org.testng.TestRunner@f793f15]]>
              </value>
            </param>
          </params>
          <reporter-output>
          </reporter-output>
        </test-method> <!-- setUp -->
        <test-method signature="create_new_user_and_verify_success_message()[pri:1, instance:sample.ecommerce.HomePageTest@c267ef4]" started-at="2024-12-03T13:01:30 IST" name="create_new_user_and_verify_success_message" finished-at="2024-12-03T13:01:41 IST" duration-ms="11474" status="PASS">
          <reporter-output>
          </reporter-output>
        </test-method> <!-- create_new_user_and_verify_success_message -->
        <test-method is-config="true" signature="tearDown(org.testng.ITestResult)[pri:0, instance:sample.ecommerce.HomePageTest@c267ef4]" started-at="2024-12-03T13:01:41 IST" name="tearDown" finished-at="2024-12-03T13:01:41 IST" duration-ms="200" status="PASS">
          <params>
            <param index="0">
              <value>
                <![CDATA[[TestResult name=create_new_user_and_verify_success_message status=SUCCESS method=HomePageTest.create_new_user_and_verify_success_message()[pri:1, instance:sample.ecommerce.HomePageTest@c267ef4] output={null}]]]>
              </value>
            </param>
          </params>
          <reporter-output>
          </reporter-output>
        </test-method> <!-- tearDown -->
        <test-method is-config="true" signature="setUp(java.lang.String,org.testng.ITestContext)[pri:0, instance:sample.ecommerce.HomePageTest@c267ef4]" started-at="2024-12-03T13:01:41 IST" name="setUp" finished-at="2024-12-03T13:01:48 IST" duration-ms="6546" status="PASS">
          <params>
            <param index="0">
              <value>
                <![CDATA[chrome]]>
              </value>
            </param>
            <param index="1">
              <value>
                <![CDATA[org.testng.TestRunner@f793f15]]>
              </value>
            </param>
          </params>
          <reporter-output>
          </reporter-output>
        </test-method> <!-- setUp -->
        <test-method signature="verify_user_able_to_sign_in_with_valid_credentials()[pri:2, instance:sample.ecommerce.HomePageTest@c267ef4]" started-at="2024-12-03T13:01:48 IST" name="verify_user_able_to_sign_in_with_valid_credentials" finished-at="2024-12-03T13:01:51 IST" duration-ms="3421" status="PASS">
          <reporter-output>
          </reporter-output>
        </test-method> <!-- verify_user_able_to_sign_in_with_valid_credentials -->
        <test-method is-config="true" signature="tearDown(org.testng.ITestResult)[pri:0, instance:sample.ecommerce.HomePageTest@c267ef4]" started-at="2024-12-03T13:01:51 IST" name="tearDown" finished-at="2024-12-03T13:01:52 IST" duration-ms="274" status="PASS">
          <params>
            <param index="0">
              <value>
                <![CDATA[[TestResult name=verify_user_able_to_sign_in_with_valid_credentials status=SUCCESS method=HomePageTest.verify_user_able_to_sign_in_with_valid_credentials()[pri:2, instance:sample.ecommerce.HomePageTest@c267ef4] output={null}]]]>
              </value>
            </param>
          </params>
          <reporter-output>
          </reporter-output>
        </test-method> <!-- tearDown -->
        <test-method is-config="true" signature="setUp(java.lang.String,org.testng.ITestContext)[pri:0, instance:sample.ecommerce.HomePageTest@c267ef4]" started-at="2024-12-03T13:01:52 IST" name="setUp" finished-at="2024-12-03T13:01:59 IST" duration-ms="7593" status="PASS">
          <params>
            <param index="0">
              <value>
                <![CDATA[chrome]]>
              </value>
            </param>
            <param index="1">
              <value>
                <![CDATA[org.testng.TestRunner@f793f15]]>
              </value>
            </param>
          </params>
          <reporter-output>
          </reporter-output>
        </test-method> <!-- setUp -->
        <test-method signature="verify_shopping_cart_section_is_empty_for_new_user()[pri:4, instance:sample.ecommerce.HomePageTest@c267ef4]" started-at="2024-12-03T13:01:59 IST" name="verify_shopping_cart_section_is_empty_for_new_user" finished-at="2024-12-03T13:02:12 IST" duration-ms="12883" status="PASS">
          <reporter-output>
          </reporter-output>
        </test-method> <!-- verify_shopping_cart_section_is_empty_for_new_user -->
        <test-method is-config="true" signature="tearDown(org.testng.ITestResult)[pri:0, instance:sample.ecommerce.HomePageTest@c267ef4]" started-at="2024-12-03T13:02:12 IST" name="tearDown" finished-at="2024-12-03T13:02:12 IST" duration-ms="216" status="PASS">
          <params>
            <param index="0">
              <value>
                <![CDATA[[TestResult name=verify_shopping_cart_section_is_empty_for_new_user status=SUCCESS method=HomePageTest.verify_shopping_cart_section_is_empty_for_new_user()[pri:4, instance:sample.ecommerce.HomePageTest@c267ef4] output={null}]]]>
              </value>
            </param>
          </params>
          <reporter-output>
          </reporter-output>
        </test-method> <!-- tearDown -->
        <test-method is-config="true" signature="setUp(java.lang.String,org.testng.ITestContext)[pri:0, instance:sample.ecommerce.HomePageTest@c267ef4]" started-at="2024-12-03T13:02:12 IST" name="setUp" finished-at="2024-12-03T13:02:20 IST" duration-ms="7531" status="PASS">
          <params>
            <param index="0">
              <value>
                <![CDATA[chrome]]>
              </value>
            </param>
            <param index="1">
              <value>
                <![CDATA[org.testng.TestRunner@f793f15]]>
              </value>
            </param>
          </params>
          <reporter-output>
          </reporter-output>
        </test-method> <!-- setUp -->
        <test-method signature="verify_success_message_displays_when_user_retrieve_password_using_forgot_password()[pri:5, instance:sample.ecommerce.HomePageTest@c267ef4]" started-at="2024-12-03T13:02:20 IST" name="verify_success_message_displays_when_user_retrieve_password_using_forgot_password" finished-at="2024-12-03T13:02:40 IST" duration-ms="20572" status="PASS">
          <reporter-output>
          </reporter-output>
        </test-method> <!-- verify_success_message_displays_when_user_retrieve_password_using_forgot_password -->
        <test-method is-config="true" signature="tearDown(org.testng.ITestResult)[pri:0, instance:sample.ecommerce.HomePageTest@c267ef4]" started-at="2024-12-03T13:02:40 IST" name="tearDown" finished-at="2024-12-03T13:02:41 IST" duration-ms="279" status="PASS">
          <params>
            <param index="0">
              <value>
                <![CDATA[[TestResult name=verify_success_message_displays_when_user_retrieve_password_using_forgot_password status=SUCCESS method=HomePageTest.verify_success_message_displays_when_user_retrieve_password_using_forgot_password()[pri:5, instance:sample.ecommerce.HomePageTest@c267ef4] output={null}]]]>
              </value>
            </param>
          </params>
          <reporter-output>
          </reporter-output>
        </test-method> <!-- tearDown -->
        <test-method is-config="true" signature="setUp(java.lang.String,org.testng.ITestContext)[pri:0, instance:sample.ecommerce.HomePageTest@c267ef4]" started-at="2024-12-03T13:02:41 IST" name="setUp" finished-at="2024-12-03T13:02:47 IST" duration-ms="6714" status="PASS">
          <params>
            <param index="0">
              <value>
                <![CDATA[chrome]]>
              </value>
            </param>
            <param index="1">
              <value>
                <![CDATA[org.testng.TestRunner@f793f15]]>
              </value>
            </param>
          </params>
          <reporter-output>
          </reporter-output>
        </test-method> <!-- setUp -->
        <test-method signature="verify_my_order_section_is_empty_for_new_user()[pri:6, instance:sample.ecommerce.HomePageTest@c267ef4]" started-at="2024-12-03T13:02:47 IST" name="verify_my_order_section_is_empty_for_new_user" finished-at="2024-12-03T13:03:01 IST" duration-ms="13413" status="PASS">
          <reporter-output>
          </reporter-output>
        </test-method> <!-- verify_my_order_section_is_empty_for_new_user -->
        <test-method is-config="true" signature="tearDown(org.testng.ITestResult)[pri:0, instance:sample.ecommerce.HomePageTest@c267ef4]" started-at="2024-12-03T13:03:01 IST" name="tearDown" finished-at="2024-12-03T13:03:01 IST" duration-ms="243" status="PASS">
          <params>
            <param index="0">
              <value>
                <![CDATA[[TestResult name=verify_my_order_section_is_empty_for_new_user status=SUCCESS method=HomePageTest.verify_my_order_section_is_empty_for_new_user()[pri:6, instance:sample.ecommerce.HomePageTest@c267ef4] output={null}]]]>
              </value>
            </param>
          </params>
          <reporter-output>
          </reporter-output>
        </test-method> <!-- tearDown -->
        <test-method is-config="true" signature="setUp(java.lang.String,org.testng.ITestContext)[pri:0, instance:sample.ecommerce.HomePageTest@c267ef4]" started-at="2024-12-03T13:03:01 IST" name="setUp" finished-at="2024-12-03T13:03:10 IST" duration-ms="8768" status="PASS">
          <params>
            <param index="0">
              <value>
                <![CDATA[chrome]]>
              </value>
            </param>
            <param index="1">
              <value>
                <![CDATA[org.testng.TestRunner@f793f15]]>
              </value>
            </param>
          </params>
          <reporter-output>
          </reporter-output>
        </test-method> <!-- setUp -->
        <test-method signature="verify_my_credit_slip_section_is_empty_for_new_user()[pri:7, instance:sample.ecommerce.HomePageTest@c267ef4]" started-at="2024-12-03T13:03:10 IST" name="verify_my_credit_slip_section_is_empty_for_new_user" finished-at="2024-12-03T13:03:22 IST" duration-ms="12171" status="PASS">
          <reporter-output>
          </reporter-output>
        </test-method> <!-- verify_my_credit_slip_section_is_empty_for_new_user -->
        <test-method is-config="true" signature="tearDown(org.testng.ITestResult)[pri:0, instance:sample.ecommerce.HomePageTest@c267ef4]" started-at="2024-12-03T13:03:22 IST" name="tearDown" finished-at="2024-12-03T13:03:22 IST" duration-ms="234" status="PASS">
          <params>
            <param index="0">
              <value>
                <![CDATA[[TestResult name=verify_my_credit_slip_section_is_empty_for_new_user status=SUCCESS method=HomePageTest.verify_my_credit_slip_section_is_empty_for_new_user()[pri:7, instance:sample.ecommerce.HomePageTest@c267ef4] output={null}]]]>
              </value>
            </param>
          </params>
          <reporter-output>
          </reporter-output>
        </test-method> <!-- tearDown -->
        <test-method is-config="true" signature="setUp(java.lang.String,org.testng.ITestContext)[pri:0, instance:sample.ecommerce.HomePageTest@c267ef4]" started-at="2024-12-03T13:03:22 IST" name="setUp" finished-at="2024-12-03T13:03:29 IST" duration-ms="7028" status="PASS">
          <params>
            <param index="0">
              <value>
                <![CDATA[chrome]]>
              </value>
            </param>
            <param index="1">
              <value>
                <![CDATA[org.testng.TestRunner@f793f15]]>
              </value>
            </param>
          </params>
          <reporter-output>
          </reporter-output>
        </test-method> <!-- setUp -->
        <test-method signature="search_product_and_verify_search_result()[pri:8, instance:sample.ecommerce.HomePageTest@c267ef4]" started-at="2024-12-03T13:03:29 IST" name="search_product_and_verify_search_result" finished-at="2024-12-03T13:03:31 IST" duration-ms="1377" status="PASS">
          <reporter-output>
          </reporter-output>
        </test-method> <!-- search_product_and_verify_search_result -->
        <test-method is-config="true" signature="tearDown(org.testng.ITestResult)[pri:0, instance:sample.ecommerce.HomePageTest@c267ef4]" started-at="2024-12-03T13:03:31 IST" name="tearDown" finished-at="2024-12-03T13:03:31 IST" duration-ms="190" status="PASS">
          <params>
            <param index="0">
              <value>
                <![CDATA[[TestResult name=search_product_and_verify_search_result status=SUCCESS method=HomePageTest.search_product_and_verify_search_result()[pri:8, instance:sample.ecommerce.HomePageTest@c267ef4] output={null}]]]>
              </value>
            </param>
          </params>
          <reporter-output>
          </reporter-output>
        </test-method> <!-- tearDown -->
        <test-method is-config="true" signature="setUp(java.lang.String,org.testng.ITestContext)[pri:0, instance:sample.ecommerce.HomePageTest@c267ef4]" started-at="2024-12-03T13:03:31 IST" name="setUp" finished-at="2024-12-03T13:03:37 IST" duration-ms="6593" status="PASS">
          <params>
            <param index="0">
              <value>
                <![CDATA[chrome]]>
              </value>
            </param>
            <param index="1">
              <value>
                <![CDATA[org.testng.TestRunner@f793f15]]>
              </value>
            </param>
          </params>
          <reporter-output>
          </reporter-output>
        </test-method> <!-- setUp -->
        <test-method signature="send_query_to_customer_service_and_verify_success_message()[pri:9, instance:sample.ecommerce.HomePageTest@c267ef4]" started-at="2024-12-03T13:03:37 IST" name="send_query_to_customer_service_and_verify_success_message" finished-at="2024-12-03T13:04:01 IST" duration-ms="23118" status="PASS">
          <reporter-output>
          </reporter-output>
        </test-method> <!-- send_query_to_customer_service_and_verify_success_message -->
        <test-method is-config="true" signature="tearDown(org.testng.ITestResult)[pri:0, instance:sample.ecommerce.HomePageTest@c267ef4]" started-at="2024-12-03T13:04:01 IST" name="tearDown" finished-at="2024-12-03T13:04:01 IST" duration-ms="246" status="PASS">
          <params>
            <param index="0">
              <value>
                <![CDATA[[TestResult name=send_query_to_customer_service_and_verify_success_message status=SUCCESS method=HomePageTest.send_query_to_customer_service_and_verify_success_message()[pri:9, instance:sample.ecommerce.HomePageTest@c267ef4] output={null}]]]>
              </value>
            </param>
          </params>
          <reporter-output>
          </reporter-output>
        </test-method> <!-- tearDown -->
        <test-method is-config="true" signature="setUp(java.lang.String,org.testng.ITestContext)[pri:0, instance:sample.ecommerce.HomePageTest@c267ef4]" started-at="2024-12-03T13:04:01 IST" name="setUp" finished-at="2024-12-03T13:04:07 IST" duration-ms="6565" status="PASS">
          <params>
            <param index="0">
              <value>
                <![CDATA[chrome]]>
              </value>
            </param>
            <param index="1">
              <value>
                <![CDATA[org.testng.TestRunner@f793f15]]>
              </value>
            </param>
          </params>
          <reporter-output>
          </reporter-output>
        </test-method> <!-- setUp -->
        <test-method signature="verify_success_message_displays_when_user_subscribe_the_newsletter()[pri:10, instance:sample.ecommerce.HomePageTest@c267ef4]" started-at="2024-12-03T13:04:07 IST" name="verify_success_message_displays_when_user_subscribe_the_newsletter" finished-at="2024-12-03T13:04:19 IST" duration-ms="12129" status="PASS">
          <reporter-output>
          </reporter-output>
        </test-method> <!-- verify_success_message_displays_when_user_subscribe_the_newsletter -->
        <test-method is-config="true" signature="tearDown(org.testng.ITestResult)[pri:0, instance:sample.ecommerce.HomePageTest@c267ef4]" started-at="2024-12-03T13:04:19 IST" name="tearDown" finished-at="2024-12-03T13:04:20 IST" duration-ms="240" status="PASS">
          <params>
            <param index="0">
              <value>
                <![CDATA[[TestResult name=verify_success_message_displays_when_user_subscribe_the_newsletter status=SUCCESS method=HomePageTest.verify_success_message_displays_when_user_subscribe_the_newsletter()[pri:10, instance:sample.ecommerce.HomePageTest@c267ef4] output={null}]]]>
              </value>
            </param>
          </params>
          <reporter-output>
          </reporter-output>
        </test-method> <!-- tearDown -->
        <test-method is-config="true" signature="setUp(java.lang.String,org.testng.ITestContext)[pri:0, instance:sample.ecommerce.HomePageTest@c267ef4]" started-at="2024-12-03T13:04:20 IST" name="setUp" finished-at="2024-12-03T13:04:26 IST" duration-ms="6611" status="PASS">
          <params>
            <param index="0">
              <value>
                <![CDATA[chrome]]>
              </value>
            </param>
            <param index="1">
              <value>
                <![CDATA[org.testng.TestRunner@f793f15]]>
              </value>
            </param>
          </params>
          <reporter-output>
          </reporter-output>
        </test-method> <!-- setUp -->
        <test-method signature="verify_company_address_information_available_on_footer()[pri:11, instance:sample.ecommerce.HomePageTest@c267ef4]" started-at="2024-12-03T13:04:26 IST" name="verify_company_address_information_available_on_footer" finished-at="2024-12-03T13:04:26 IST" duration-ms="91" status="PASS">
          <reporter-output>
          </reporter-output>
        </test-method> <!-- verify_company_address_information_available_on_footer -->
        <test-method is-config="true" signature="tearDown(org.testng.ITestResult)[pri:0, instance:sample.ecommerce.HomePageTest@c267ef4]" started-at="2024-12-03T13:04:26 IST" name="tearDown" finished-at="2024-12-03T13:04:27 IST" duration-ms="217" status="PASS">
          <params>
            <param index="0">
              <value>
                <![CDATA[[TestResult name=verify_company_address_information_available_on_footer status=SUCCESS method=HomePageTest.verify_company_address_information_available_on_footer()[pri:11, instance:sample.ecommerce.HomePageTest@c267ef4] output={null}]]]>
              </value>
            </param>
          </params>
          <reporter-output>
          </reporter-output>
        </test-method> <!-- tearDown -->
        <test-method is-config="true" signature="setUp(java.lang.String,org.testng.ITestContext)[pri:0, instance:sample.ecommerce.HomePageTest@c267ef4]" started-at="2024-12-03T13:04:27 IST" name="setUp" finished-at="2024-12-03T13:04:33 IST" duration-ms="6413" status="PASS">
          <params>
            <param index="0">
              <value>
                <![CDATA[chrome]]>
              </value>
            </param>
            <param index="1">
              <value>
                <![CDATA[org.testng.TestRunner@f793f15]]>
              </value>
            </param>
          </params>
          <reporter-output>
          </reporter-output>
        </test-method> <!-- setUp -->
        <test-method signature="verify_info_message_displays_when_customer_not_having_address()[pri:12, instance:sample.ecommerce.HomePageTest@c267ef4]" started-at="2024-12-03T13:04:33 IST" name="verify_info_message_displays_when_customer_not_having_address" finished-at="2024-12-03T13:04:46 IST" duration-ms="13049" status="PASS">
          <reporter-output>
          </reporter-output>
        </test-method> <!-- verify_info_message_displays_when_customer_not_having_address -->
        <test-method is-config="true" signature="tearDown(org.testng.ITestResult)[pri:0, instance:sample.ecommerce.HomePageTest@c267ef4]" started-at="2024-12-03T13:04:46 IST" name="tearDown" finished-at="2024-12-03T13:04:46 IST" duration-ms="305" status="PASS">
          <params>
            <param index="0">
              <value>
                <![CDATA[[TestResult name=verify_info_message_displays_when_customer_not_having_address status=SUCCESS method=HomePageTest.verify_info_message_displays_when_customer_not_having_address()[pri:12, instance:sample.ecommerce.HomePageTest@c267ef4] output={null}]]]>
              </value>
            </param>
          </params>
          <reporter-output>
          </reporter-output>
        </test-method> <!-- tearDown -->
        <test-method is-config="true" signature="updateReport()[pri:0, instance:sample.ecommerce.HomePageTest@c267ef4]" started-at="2024-12-03T13:04:46 IST" name="updateReport" finished-at="2024-12-03T13:04:48 IST" duration-ms="1045" status="PASS">
          <reporter-output>
          </reporter-output>
        </test-method> <!-- updateReport -->
      </class> <!-- sample.ecommerce.HomePageTest -->
    </test> <!-- Ecommerce -->
  </suite> <!-- Smoke Suite -->
</testng-results>
